<?xml version="1.0" encoding="UTF-8"?>
<testng-results ignored="0" total="1" passed="1" failed="0" skipped="0">
  <reporter-output>
  </reporter-output>
  <suite started-at="2021-08-30T19:36:23 IST" name="Default suite" finished-at="2021-08-30T19:36:23 IST" duration-ms="117">
    <groups>
    </groups>
    <test started-at="2021-08-30T19:36:23 IST" name="Default test" finished-at="2021-08-30T19:36:23 IST" duration-ms="117">
      <class name="api.ReadJson">
        <test-method signature="readJson()[pri:0, instance:api.ReadJson@2034b64c]" started-at="2021-08-30T19:36:23 IST" name="readJson" finished-at="2021-08-30T19:36:23 IST" duration-ms="57" status="PASS">
          <reporter-output>
          </reporter-output>
        </test-method> <!-- readJson -->
      </class> <!-- api.ReadJson -->
    </test> <!-- Default test -->
  </suite> <!-- Default suite -->
</testng-results>
