<?xml version="1.0" encoding="UTF-8"?>
<testng-results ignored="0" total="7" passed="7" failed="0" skipped="0">
  <reporter-output>
  </reporter-output>
  <suite started-at="2021-08-25T13:15:35 IST" name="Default suite" finished-at="2021-08-25T13:16:38 IST" duration-ms="62965">
    <groups>
      <group name="cucumber">
        <method signature="AbstractTestNGCucumberTests.runScenario(io.cucumber.testng.PickleWrapper,io.cucumber.testng.FeatureWrapper)[pri:0, instance:runner.TestRunner2@496bc455]" name="runScenario" class="io.cucumber.testng.AbstractTestNGCucumberTests"/>
      </group> <!-- cucumber -->
    </groups>
    <test started-at="2021-08-25T13:15:35 IST" name="Default test" finished-at="2021-08-25T13:16:38 IST" duration-ms="62965">
      <class name="runner.TestRunner2">
        <test-method is-config="true" signature="setUpClass()[pri:0, instance:runner.TestRunner2@496bc455]" started-at="2021-08-25T13:15:35 IST" name="setUpClass" finished-at="2021-08-25T13:15:35 IST" duration-ms="322" status="PASS">
          <reporter-output>
          </reporter-output>
        </test-method> <!-- setUpClass -->
        <test-method signature="runScenario(io.cucumber.testng.PickleWrapper,io.cucumber.testng.FeatureWrapper)[pri:0, instance:runner.TestRunner2@496bc455]" started-at="2021-08-25T13:15:35 IST" name="runScenario" description="Runs Cucumber Scenarios" data-provider="scenarios" finished-at="2021-08-25T13:15:46 IST" duration-ms="10957" status="PASS">
          <params>
            <param index="0">
              <value>
                <![CDATA["Verify Create Target functionality working fine or not"]]>
              </value>
            </param>
            <param index="1">
              <value>
                <![CDATA["Optional[Test Target module functionality]"]]>
              </value>
            </param>
          </params>
          <reporter-output>
          </reporter-output>
        </test-method> <!-- runScenario -->
        <test-method signature="runScenario(io.cucumber.testng.PickleWrapper,io.cucumber.testng.FeatureWrapper)[pri:0, instance:runner.TestRunner2@496bc455]" started-at="2021-08-25T13:15:46 IST" name="runScenario" description="Runs Cucumber Scenarios" data-provider="scenarios" finished-at="2021-08-25T13:15:55 IST" duration-ms="8952" status="PASS">
          <params>
            <param index="0">
              <value>
                <![CDATA["Verify User should be able to edit existing targets"]]>
              </value>
            </param>
            <param index="1">
              <value>
                <![CDATA["Optional[Test Target module functionality]"]]>
              </value>
            </param>
          </params>
          <reporter-output>
          </reporter-output>
        </test-method> <!-- runScenario -->
        <test-method signature="runScenario(io.cucumber.testng.PickleWrapper,io.cucumber.testng.FeatureWrapper)[pri:0, instance:runner.TestRunner2@496bc455]" started-at="2021-08-25T13:15:55 IST" name="runScenario" description="Runs Cucumber Scenarios" data-provider="scenarios" finished-at="2021-08-25T13:16:04 IST" duration-ms="8596" status="PASS">
          <params>
            <param index="0">
              <value>
                <![CDATA["Verify import functionality of target module"]]>
              </value>
            </param>
            <param index="1">
              <value>
                <![CDATA["Optional[Test Target module functionality]"]]>
              </value>
            </param>
          </params>
          <reporter-output>
          </reporter-output>
        </test-method> <!-- runScenario -->
        <test-method signature="runScenario(io.cucumber.testng.PickleWrapper,io.cucumber.testng.FeatureWrapper)[pri:0, instance:runner.TestRunner2@496bc455]" started-at="2021-08-25T13:16:04 IST" name="runScenario" description="Runs Cucumber Scenarios" data-provider="scenarios" finished-at="2021-08-25T13:16:13 IST" duration-ms="8972" status="PASS">
          <params>
            <param index="0">
              <value>
                <![CDATA["User should be able to delete target record"]]>
              </value>
            </param>
            <param index="1">
              <value>
                <![CDATA["Optional[Test Target module functionality]"]]>
              </value>
            </param>
          </params>
          <reporter-output>
          </reporter-output>
        </test-method> <!-- runScenario -->
        <test-method signature="runScenario(io.cucumber.testng.PickleWrapper,io.cucumber.testng.FeatureWrapper)[pri:0, instance:runner.TestRunner2@496bc455]" started-at="2021-08-25T13:16:13 IST" name="runScenario" description="Runs Cucumber Scenarios" data-provider="scenarios" finished-at="2021-08-25T13:16:21 IST" duration-ms="8769" status="PASS">
          <params>
            <param index="0">
              <value>
                <![CDATA["Check whether all links are working fine on target page"]]>
              </value>
            </param>
            <param index="1">
              <value>
                <![CDATA["Optional[Test Target module functionality]"]]>
              </value>
            </param>
          </params>
          <reporter-output>
          </reporter-output>
        </test-method> <!-- runScenario -->
        <test-method signature="runScenario(io.cucumber.testng.PickleWrapper,io.cucumber.testng.FeatureWrapper)[pri:0, instance:runner.TestRunner2@496bc455]" started-at="2021-08-25T13:16:21 IST" name="runScenario" description="Runs Cucumber Scenarios" data-provider="scenarios" finished-at="2021-08-25T13:16:29 IST" duration-ms="8118" status="PASS">
          <params>
            <param index="0">
              <value>
                <![CDATA["Check whether all select/Deselect target list button on view target page working fine"]]>
              </value>
            </param>
            <param index="1">
              <value>
                <![CDATA["Optional[Test Target module functionality]"]]>
              </value>
            </param>
          </params>
          <reporter-output>
          </reporter-output>
        </test-method> <!-- runScenario -->
        <test-method signature="runScenario(io.cucumber.testng.PickleWrapper,io.cucumber.testng.FeatureWrapper)[pri:0, instance:runner.TestRunner2@496bc455]" started-at="2021-08-25T13:16:29 IST" name="runScenario" description="Runs Cucumber Scenarios" data-provider="scenarios" finished-at="2021-08-25T13:16:38 IST" duration-ms="8173" status="PASS">
          <params>
            <param index="0">
              <value>
                <![CDATA["Check whether filter targets functionality working fine"]]>
              </value>
            </param>
            <param index="1">
              <value>
                <![CDATA["Optional[Test Target module functionality]"]]>
              </value>
            </param>
          </params>
          <reporter-output>
          </reporter-output>
        </test-method> <!-- runScenario -->
        <test-method is-config="true" signature="tearDownClass()[pri:0, instance:runner.TestRunner2@496bc455]" started-at="2021-08-25T13:16:38 IST" name="tearDownClass" finished-at="2021-08-25T13:16:38 IST" duration-ms="25" status="PASS">
          <reporter-output>
          </reporter-output>
        </test-method> <!-- tearDownClass -->
      </class> <!-- runner.TestRunner2 -->
    </test> <!-- Default test -->
  </suite> <!-- Default suite -->
</testng-results>
